mode: set
github.com/ssebs/go-mmp/config/config.go:45.55,47.16 2 0
github.com/ssebs/go-mmp/config/config.go:47.16,49.3 1 0
github.com/ssebs/go-mmp/config/config.go:50.2,51.12 2 0
github.com/ssebs/go-mmp/config/config.go:56.47,59.16 3 1
github.com/ssebs/go-mmp/config/config.go:59.16,61.3 1 0
github.com/ssebs/go-mmp/config/config.go:64.2,64.18 1 1
github.com/ssebs/go-mmp/config/config.go:64.18,66.3 1 0
github.com/ssebs/go-mmp/config/config.go:68.2,68.15 1 1
github.com/ssebs/go-mmp/config/config.go:73.58,75.16 2 1
github.com/ssebs/go-mmp/config/config.go:75.16,77.3 1 0
github.com/ssebs/go-mmp/config/config.go:78.2,79.22 2 1
github.com/ssebs/go-mmp/config/config.go:84.34,86.16 2 0
github.com/ssebs/go-mmp/config/config.go:86.16,88.3 1 0
github.com/ssebs/go-mmp/config/config.go:89.2,89.21 1 0
github.com/ssebs/go-mmp/config/config.go:93.33,95.16 2 0
github.com/ssebs/go-mmp/config/config.go:95.16,97.3 1 0
github.com/ssebs/go-mmp/config/config.go:98.2,98.21 1 0
github.com/ssebs/go-mmp/config/config.go:102.40,104.16 2 0
github.com/ssebs/go-mmp/config/config.go:104.16,106.3 1 0
github.com/ssebs/go-mmp/config/config.go:107.2,107.21 1 0
github.com/ssebs/go-mmp/config/config.go:111.39,113.16 2 0
github.com/ssebs/go-mmp/config/config.go:113.16,115.3 1 0
github.com/ssebs/go-mmp/config/config.go:116.2,116.21 1 0
github.com/ssebs/go-mmp/config/config.go:45.55,47.16 2 0
github.com/ssebs/go-mmp/config/config.go:47.16,49.3 1 0
github.com/ssebs/go-mmp/config/config.go:50.2,51.12 2 0
github.com/ssebs/go-mmp/config/config.go:56.47,59.16 3 0
github.com/ssebs/go-mmp/config/config.go:59.16,61.3 1 0
github.com/ssebs/go-mmp/config/config.go:64.2,64.18 1 0
github.com/ssebs/go-mmp/config/config.go:64.18,66.3 1 0
github.com/ssebs/go-mmp/config/config.go:68.2,68.15 1 0
github.com/ssebs/go-mmp/config/config.go:73.58,75.16 2 0
github.com/ssebs/go-mmp/config/config.go:75.16,77.3 1 0
github.com/ssebs/go-mmp/config/config.go:78.2,79.22 2 0
github.com/ssebs/go-mmp/config/config.go:84.34,86.16 2 0
github.com/ssebs/go-mmp/config/config.go:86.16,88.3 1 0
github.com/ssebs/go-mmp/config/config.go:89.2,89.21 1 0
github.com/ssebs/go-mmp/config/config.go:93.33,95.16 2 0
github.com/ssebs/go-mmp/config/config.go:95.16,97.3 1 0
github.com/ssebs/go-mmp/config/config.go:98.2,98.21 1 0
github.com/ssebs/go-mmp/config/config.go:102.40,104.16 2 0
github.com/ssebs/go-mmp/config/config.go:104.16,106.3 1 0
github.com/ssebs/go-mmp/config/config.go:107.2,107.21 1 0
github.com/ssebs/go-mmp/config/config.go:111.39,113.16 2 0
github.com/ssebs/go-mmp/config/config.go:113.16,115.3 1 0
github.com/ssebs/go-mmp/config/config.go:116.2,116.21 1 0
github.com/ssebs/go-mmp/keyboard/keyboard.go:19.39,21.16 2 0
github.com/ssebs/go-mmp/keyboard/keyboard.go:21.16,23.3 1 0
github.com/ssebs/go-mmp/keyboard/keyboard.go:24.2,25.16 2 0
github.com/ssebs/go-mmp/keyboard/keyboard.go:25.16,27.3 1 0
github.com/ssebs/go-mmp/keyboard/keyboard.go:28.2,28.34 1 0
github.com/ssebs/go-mmp/keyboard/keyboard.go:32.72,39.2 5 0
github.com/ssebs/go-mmp/keyboard/keyboard.go:43.95,47.51 1 0
github.com/ssebs/go-mmp/keyboard/keyboard.go:47.51,48.17 1 0
github.com/ssebs/go-mmp/keyboard/keyboard.go:49.14,50.31 1 0
github.com/ssebs/go-mmp/keyboard/keyboard.go:51.13,52.30 1 0
github.com/ssebs/go-mmp/keyboard/keyboard.go:53.12,54.29 1 0
github.com/ssebs/go-mmp/keyboard/keyboard.go:55.14,56.31 1 0
github.com/ssebs/go-mmp/keyboard/keyboard.go:59.2,59.37 1 0
github.com/ssebs/go-mmp/keyboard/keyboard.go:63.53,65.2 1 0
github.com/ssebs/go-mmp/keyboard/keyboard.go:80.34,82.2 1 0
github.com/ssebs/go-mmp/keyboard/keyboard.go:95.75,98.2 2 0
github.com/ssebs/go-mmp/keyboard/keyboard.go:102.57,104.13 2 0
github.com/ssebs/go-mmp/keyboard/keyboard.go:104.13,106.3 1 0
github.com/ssebs/go-mmp/keyboard/keyboard.go:107.2,107.15 1 0
github.com/ssebs/go-mmp/keyboard/keyboard.go:107.15,109.3 1 0
github.com/ssebs/go-mmp/keyboard/keyboard.go:110.2,110.11 1 0
github.com/ssebs/go-mmp/keyboard/keyboard.go:110.11,112.3 1 0
github.com/ssebs/go-mmp/keyboard/keyboard.go:113.2,113.13 1 0
github.com/ssebs/go-mmp/keyboard/keyboard.go:113.13,115.3 1 0
github.com/ssebs/go-mmp/keyboard/keyboard.go:116.2,116.19 1 0
github.com/ssebs/go-mmp/keyboard/keyboard.go:124.50,128.9 3 0
github.com/ssebs/go-mmp/keyboard/keyboard.go:128.9,130.3 1 0
github.com/ssebs/go-mmp/keyboard/keyboard.go:131.2,131.17 1 0
github.com/ssebs/go-mmp/macro/macro.go:34.68,37.16 2 0
github.com/ssebs/go-mmp/macro/macro.go:37.16,39.3 1 0
github.com/ssebs/go-mmp/macro/macro.go:41.2,41.26 1 0
github.com/ssebs/go-mmp/macro/macro.go:41.26,43.3 1 0
github.com/ssebs/go-mmp/macro/macro.go:44.2,45.16 2 0
github.com/ssebs/go-mmp/macro/macro.go:45.16,47.3 1 0
github.com/ssebs/go-mmp/macro/macro.go:51.2,53.17 3 0
github.com/ssebs/go-mmp/macro/macro.go:58.64,61.16 3 0
github.com/ssebs/go-mmp/macro/macro.go:61.16,63.3 1 0
github.com/ssebs/go-mmp/macro/macro.go:66.2,67.9 2 0
github.com/ssebs/go-mmp/macro/macro.go:67.9,69.3 1 0
github.com/ssebs/go-mmp/macro/macro.go:72.2,72.39 1 0
github.com/ssebs/go-mmp/macro/macro.go:72.39,74.43 1 0
github.com/ssebs/go-mmp/macro/macro.go:74.43,77.65 1 0
github.com/ssebs/go-mmp/macro/macro.go:77.65,80.5 1 0
github.com/ssebs/go-mmp/macro/macro.go:85.2,85.12 1 0
github.com/ssebs/go-mmp/macro/macro.go:89.43,97.2 1 0
github.com/ssebs/go-mmp/macro/macro.go:104.59,108.2 3 0
github.com/ssebs/go-mmp/macro/macro.go:112.62,116.49 3 0
github.com/ssebs/go-mmp/macro/macro.go:116.49,117.15 1 0
github.com/ssebs/go-mmp/macro/macro.go:118.16,119.24 1 0
github.com/ssebs/go-mmp/macro/macro.go:120.15,121.26 1 0
github.com/ssebs/go-mmp/macro/macro.go:122.14,123.22 1 0
github.com/ssebs/go-mmp/macro/macro.go:124.16,125.24 1 0
github.com/ssebs/go-mmp/macro/macro.go:126.11,128.18 2 0
github.com/ssebs/go-mmp/macro/macro.go:128.18,130.5 1 0
github.com/ssebs/go-mmp/macro/macro.go:131.4,131.29 1 0
github.com/ssebs/go-mmp/macro/macro.go:136.2,137.12 2 0
github.com/ssebs/go-mmp/macro/macro.go:141.58,145.2 2 0
github.com/ssebs/go-mmp/macro/macro.go:148.53,150.16 2 0
github.com/ssebs/go-mmp/macro/macro.go:150.16,152.3 1 0
github.com/ssebs/go-mmp/macro/macro.go:153.2,154.12 2 0
github.com/ssebs/go-mmp/macro/macro.go:159.64,161.16 2 0
github.com/ssebs/go-mmp/macro/macro.go:161.16,163.3 1 0
github.com/ssebs/go-mmp/macro/macro.go:165.2,166.12 2 0
github.com/ssebs/go-mmp/macro/macro.go:170.82,172.9 2 0
github.com/ssebs/go-mmp/macro/macro.go:172.9,174.3 1 0
github.com/ssebs/go-mmp/macro/macro.go:175.2,175.45 1 0
github.com/ssebs/go-mmp/macro/macro.go:184.71,186.63 2 1
github.com/ssebs/go-mmp/macro/macro.go:186.63,189.3 1 0
github.com/ssebs/go-mmp/macro/macro.go:189.8,189.23 1 1
github.com/ssebs/go-mmp/macro/macro.go:189.23,192.3 2 1
github.com/ssebs/go-mmp/macro/macro.go:193.2,193.23 1 1
github.com/ssebs/go-mmp/macro/macro.go:202.53,204.2 1 0
github.com/ssebs/go-mmp/utils/utils.go:13.58,15.2 1 0
github.com/ssebs/go-mmp/utils/utils.go:19.79,20.29 1 0
github.com/ssebs/go-mmp/utils/utils.go:20.29,21.36 1 0
github.com/ssebs/go-mmp/utils/utils.go:21.36,23.4 1 0
github.com/ssebs/go-mmp/utils/utils.go:25.2,25.18 1 0
github.com/ssebs/go-mmp/utils/utils.go:30.41,32.83 2 1
github.com/ssebs/go-mmp/utils/utils.go:32.83,34.3 1 0
github.com/ssebs/go-mmp/utils/utils.go:35.2,35.22 1 1
github.com/ssebs/go-mmp/keyboard/keyboard.go:19.39,21.16 2 0
github.com/ssebs/go-mmp/keyboard/keyboard.go:21.16,23.3 1 0
github.com/ssebs/go-mmp/keyboard/keyboard.go:24.2,25.16 2 0
github.com/ssebs/go-mmp/keyboard/keyboard.go:25.16,27.3 1 0
github.com/ssebs/go-mmp/keyboard/keyboard.go:28.2,28.34 1 0
github.com/ssebs/go-mmp/keyboard/keyboard.go:32.72,39.2 5 0
github.com/ssebs/go-mmp/keyboard/keyboard.go:43.95,47.51 1 0
github.com/ssebs/go-mmp/keyboard/keyboard.go:47.51,48.17 1 0
github.com/ssebs/go-mmp/keyboard/keyboard.go:49.14,50.31 1 0
github.com/ssebs/go-mmp/keyboard/keyboard.go:51.13,52.30 1 0
github.com/ssebs/go-mmp/keyboard/keyboard.go:53.12,54.29 1 0
github.com/ssebs/go-mmp/keyboard/keyboard.go:55.14,56.31 1 0
github.com/ssebs/go-mmp/keyboard/keyboard.go:59.2,59.37 1 0
github.com/ssebs/go-mmp/keyboard/keyboard.go:63.53,65.2 1 0
github.com/ssebs/go-mmp/keyboard/keyboard.go:80.34,82.2 1 1
github.com/ssebs/go-mmp/keyboard/keyboard.go:95.75,98.2 2 0
github.com/ssebs/go-mmp/keyboard/keyboard.go:102.57,104.13 2 1
github.com/ssebs/go-mmp/keyboard/keyboard.go:104.13,106.3 1 1
github.com/ssebs/go-mmp/keyboard/keyboard.go:107.2,107.15 1 1
github.com/ssebs/go-mmp/keyboard/keyboard.go:107.15,109.3 1 1
github.com/ssebs/go-mmp/keyboard/keyboard.go:110.2,110.11 1 1
github.com/ssebs/go-mmp/keyboard/keyboard.go:110.11,112.3 1 0
github.com/ssebs/go-mmp/keyboard/keyboard.go:113.2,113.13 1 1
github.com/ssebs/go-mmp/keyboard/keyboard.go:113.13,115.3 1 0
github.com/ssebs/go-mmp/keyboard/keyboard.go:116.2,116.19 1 1
github.com/ssebs/go-mmp/keyboard/keyboard.go:124.50,128.9 3 1
github.com/ssebs/go-mmp/keyboard/keyboard.go:128.9,130.3 1 1
github.com/ssebs/go-mmp/keyboard/keyboard.go:131.2,131.17 1 1
github.com/ssebs/go-mmp/utils/utils.go:13.58,15.2 1 0
github.com/ssebs/go-mmp/utils/utils.go:19.79,20.29 1 1
github.com/ssebs/go-mmp/utils/utils.go:20.29,21.36 1 1
github.com/ssebs/go-mmp/utils/utils.go:21.36,23.4 1 1
github.com/ssebs/go-mmp/utils/utils.go:25.2,25.18 1 1
github.com/ssebs/go-mmp/utils/utils.go:30.41,32.83 2 1
github.com/ssebs/go-mmp/utils/utils.go:32.83,34.3 1 0
github.com/ssebs/go-mmp/utils/utils.go:35.2,35.22 1 1
